Release 14.7 - xst P.20131013 (nt64)
Copyright (c) 1995-2013 Xilinx, Inc.  All rights reserved.
--> Parameter TMPDIR set to xst/projnav.tmp


Total REAL time to Xst completion: 0.00 secs
Total CPU time to Xst completion: 0.08 secs
 
--> Parameter xsthdpdir set to xst


Total REAL time to Xst completion: 0.00 secs
Total CPU time to Xst completion: 0.08 secs
 
--> Reading design: decompressor_top.prj

TABLE OF CONTENTS
  1) Synthesis Options Summary
  2) HDL Compilation
  3) Design Hierarchy Analysis
  4) HDL Analysis
  5) HDL Synthesis
     5.1) HDL Synthesis Report
  6) Advanced HDL Synthesis
     6.1) Advanced HDL Synthesis Report
  7) Low Level Synthesis
  8) Partition Report
  9) Final Report
	9.1) Device utilization summary
	9.2) Partition Resource Summary
	9.3) TIMING REPORT


=========================================================================
*                      Synthesis Options Summary                        *
=========================================================================
---- Source Parameters
Input File Name                    : "decompressor_top.prj"
Input Format                       : mixed
Ignore Synthesis Constraint File   : NO

---- Target Parameters
Output File Name                   : "decompressor_top"
Output Format                      : NGC
Target Device                      : xc3s4000-4-fg676

---- Source Options
Top Module Name                    : decompressor_top
Automatic FSM Extraction           : YES
FSM Encoding Algorithm             : Auto
Safe Implementation                : No
FSM Style                          : LUT
RAM Extraction                     : Yes
RAM Style                          : Auto
ROM Extraction                     : Yes
Mux Style                          : Auto
Decoder Extraction                 : YES
Priority Encoder Extraction        : Yes
Shift Register Extraction          : YES
Logical Shifter Extraction         : YES
XOR Collapsing                     : YES
ROM Style                          : Auto
Mux Extraction                     : Yes
Resource Sharing                   : YES
Asynchronous To Synchronous        : NO
Multiplier Style                   : Auto
Automatic Register Balancing       : No

---- Target Options
Add IO Buffers                     : YES
Global Maximum Fanout              : 100000
Add Generic Clock Buffer(BUFG)     : 8
Register Duplication               : YES
Slice Packing                      : YES
Optimize Instantiated Primitives   : NO
Use Clock Enable                   : Yes
Use Synchronous Set                : Yes
Use Synchronous Reset              : Yes
Pack IO Registers into IOBs        : Auto
Equivalent register Removal        : YES

---- General Options
Optimization Goal                  : Speed
Optimization Effort                : 1
Keep Hierarchy                     : No
Netlist Hierarchy                  : As_Optimized
RTL Output                         : Yes
Global Optimization                : AllClockNets
Read Cores                         : YES
Write Timing Constraints           : NO
Cross Clock Analysis               : NO
Hierarchy Separator                : /
Bus Delimiter                      : <>
Case Specifier                     : Maintain
Slice Utilization Ratio            : 100
BRAM Utilization Ratio             : 100
Verilog 2001                       : YES
Auto BRAM Packing                  : NO
Slice Utilization Ratio Delta      : 5

=========================================================================


=========================================================================
*                          HDL Compilation                              *
=========================================================================
Compiling verilog file "multiplexer_4_to_1.v" in library work
Compiling verilog file "register_16_bit.v" in library work
Module <multiplexer_4_to_1> compiled
Compiling verilog file "multiplexer.v" in library work
Module <register_16_bit> compiled
Compiling verilog file "flipflop.v" in library work
Module <multiplexer> compiled
Compiling verilog file "counter_18bit.v" in library work
Module <flipflop> compiled
Compiling verilog file "datapath.v" in library work
Module <counter_18bit> compiled
Compiling verilog file "controller.v" in library work
Module <datapath> compiled
Compiling verilog file "sram_vga_controller.v" in library work
Module <controller> compiled
Compiling verilog file "decompressor_top.v" in library work
Module <sram_vga_controller> compiled
Module <decompressor_top> compiled
No errors in compilation
Analysis of file <"decompressor_top.prj"> succeeded.
 

=========================================================================
*                     Design Hierarchy Analysis                         *
=========================================================================
Analyzing hierarchy for module <decompressor_top> in library <work> with parameters.
	AW = "00000000000000000000000000010100"
	DW = "00000000000000000000000000010000"
	IMAGE_HEIGHT = "00000000000000000000000011110000"
	IMAGE_WIDTH = "00000000000000000000000101000000"

Analyzing hierarchy for module <sram_vga_controller> in library <work> with parameters.
	AW = "00000000000000000000000000010100"
	DW = "00000000000000000000000000010000"
	H = "00000000000000000000000011110000"
	IMAGE_HEIGHT = "00000000000000000000000011110000"
	IMAGE_WIDTH = "00000000000000000000000101000000"
	START_ADDR = "00000000000000000000000000000000"
	W = "00000000000000000000000101000000"

Analyzing hierarchy for module <controller> in library <work>.

Analyzing hierarchy for module <datapath> in library <work>.

Analyzing hierarchy for module <flipflop> in library <work>.

Analyzing hierarchy for module <counter_18bit> in library <work>.

Analyzing hierarchy for module <register_16_bit> in library <work>.

Analyzing hierarchy for module <multiplexer> in library <work>.

Analyzing hierarchy for module <multiplexer_4_to_1> in library <work>.


=========================================================================
*                            HDL Analysis                               *
=========================================================================
Analyzing top module <decompressor_top>.
	AW = 32'sb00000000000000000000000000010100
	DW = 32'sb00000000000000000000000000010000
	IMAGE_HEIGHT = 32'sb00000000000000000000000011110000
	IMAGE_WIDTH = 32'sb00000000000000000000000101000000
Module <decompressor_top> is correct for synthesis.
 
Analyzing module <sram_vga_controller> in library <work>.
	AW = 32'sb00000000000000000000000000010100
	DW = 32'sb00000000000000000000000000010000
	H = 32'sb00000000000000000000000011110000
	IMAGE_HEIGHT = 32'sb00000000000000000000000011110000
	IMAGE_WIDTH = 32'sb00000000000000000000000101000000
	START_ADDR = 32'sb00000000000000000000000000000000
	W = 32'sb00000000000000000000000101000000
Module <sram_vga_controller> is correct for synthesis.
 
Analyzing module <controller> in library <work>.
Module <controller> is correct for synthesis.
 
Analyzing module <flipflop> in library <work>.
Module <flipflop> is correct for synthesis.
 
Analyzing module <datapath> in library <work>.
Module <datapath> is correct for synthesis.
 
Analyzing module <counter_18bit> in library <work>.
Module <counter_18bit> is correct for synthesis.
 
Analyzing module <register_16_bit> in library <work>.
Module <register_16_bit> is correct for synthesis.
 
Analyzing module <multiplexer> in library <work>.
Module <multiplexer> is correct for synthesis.
 
Analyzing module <multiplexer_4_to_1> in library <work>.
Module <multiplexer_4_to_1> is correct for synthesis.
 

=========================================================================
*                           HDL Synthesis                               *
=========================================================================

Performing bidirectional port resolution...

Synthesizing Unit <flipflop>.
    Related source file is "flipflop.v".
    Found 1-bit register for signal <out>.
    Summary:
	inferred   1 D-type flip-flop(s).
Unit <flipflop> synthesized.


Synthesizing Unit <counter_18bit>.
    Related source file is "counter_18bit.v".
    Found 18-bit register for signal <r_addr>.
    Found 1-bit register for signal <count_done>.
    Found 18-bit adder for signal <r_addr$addsub0000> created at line 23.
    Summary:
	inferred  19 D-type flip-flop(s).
	inferred   1 Adder/Subtractor(s).
Unit <counter_18bit> synthesized.


Synthesizing Unit <register_16_bit>.
    Related source file is "register_16_bit.v".
    Found 16-bit register for signal <data_out>.
    Summary:
	inferred  16 D-type flip-flop(s).
Unit <register_16_bit> synthesized.


Synthesizing Unit <multiplexer_4_to_1>.
    Related source file is "multiplexer_4_to_1.v".
Unit <multiplexer_4_to_1> synthesized.


Synthesizing Unit <controller>.
    Related source file is "controller.v".
Unit <controller> synthesized.


Synthesizing Unit <multiplexer>.
    Related source file is "multiplexer.v".
Unit <multiplexer> synthesized.


Synthesizing Unit <datapath>.
    Related source file is "datapath.v".
Unit <datapath> synthesized.


Synthesizing Unit <sram_vga_controller>.
    Related source file is "sram_vga_controller.v".
Unit <sram_vga_controller> synthesized.


Synthesizing Unit <decompressor_top>.
    Related source file is "decompressor_top.v".
Unit <decompressor_top> synthesized.


=========================================================================
HDL Synthesis Report

Macro Statistics
# Adders/Subtractors                                   : 1
 18-bit adder                                          : 1
# Registers                                            : 8
 1-bit register                                        : 4
 16-bit register                                       : 3
 18-bit register                                       : 1

=========================================================================

=========================================================================
*                       Advanced HDL Synthesis                          *
=========================================================================


=========================================================================
Advanced HDL Synthesis Report

Macro Statistics
# Adders/Subtractors                                   : 1
 18-bit adder                                          : 1
# Registers                                            : 70
 Flip-Flops                                            : 70

=========================================================================

=========================================================================
*                         Low Level Synthesis                           *
=========================================================================

Optimizing unit <decompressor_top> ...

Optimizing unit <counter_18bit> ...

Optimizing unit <controller> ...

Mapping all equations...
Building and optimizing final netlist ...
Found area constraint ratio of 100 (+ 5) on block decompressor_top, actual ratio is 0.

Final Macro Processing ...

=========================================================================
Final Register Report

Macro Statistics
# Registers                                            : 70
 Flip-Flops                                            : 70

=========================================================================

=========================================================================
*                           Partition Report                            *
=========================================================================

Partition Implementation Status
-------------------------------

  No Partitions were found in this design.

-------------------------------

=========================================================================
*                            Final Report                               *
=========================================================================
Final Results
RTL Top Level Output File Name     : decompressor_top.ngr
Top Level Output File Name         : decompressor_top
Output Format                      : NGC
Optimization Goal                  : Speed
Keep Hierarchy                     : No

Design Statistics
# IOs                              : 102

Cell Usage :
# BELS                             : 121
#      GND                         : 1
#      INV                         : 1
#      LUT1                        : 17
#      LUT2                        : 21
#      LUT2_L                      : 1
#      LUT3                        : 5
#      LUT4                        : 32
#      LUT4_D                      : 1
#      MUXCY                       : 22
#      MUXF5                       : 1
#      VCC                         : 1
#      XORCY                       : 18
# FlipFlops/Latches                : 70
#      FDE                         : 66
#      FDR                         : 3
#      FDSE                        : 1
# Clock Buffers                    : 1
#      BUFGP                       : 1
# IO Buffers                       : 101
#      IBUF                        : 18
#      OBUF                        : 83
=========================================================================

Device utilization summary:
---------------------------

Selected Device : 3s4000fg676-4 

 Number of Slices:                       54  out of  27648     0%  
 Number of Slice Flip Flops:             70  out of  55296     0%  
 Number of 4 input LUTs:                 78  out of  55296     0%  
 Number of IOs:                         102
 Number of bonded IOBs:                 102  out of    489    20%  
 Number of GCLKs:                         1  out of      8    12%  

---------------------------
Partition Resource Summary:
---------------------------

  No Partitions were found in this design.

---------------------------


=========================================================================
TIMING REPORT

NOTE: THESE TIMING NUMBERS ARE ONLY A SYNTHESIS ESTIMATE.
      FOR ACCURATE TIMING INFORMATION PLEASE REFER TO THE TRACE REPORT
      GENERATED AFTER PLACE-and-ROUTE.

Clock Information:
------------------
-----------------------------------+------------------------+-------+
Clock Signal                       | Clock buffer(FF name)  | Load  |
-----------------------------------+------------------------+-------+
clk                                | BUFGP                  | 70    |
-----------------------------------+------------------------+-------+

Asynchronous Control Signals Information:
----------------------------------------
No asynchronous control signals found in this design

Timing Summary:
---------------
Speed Grade: -4

   Minimum period: 7.268ns (Maximum Frequency: 137.589MHz)
   Minimum input arrival time before clock: 2.754ns
   Maximum output required time after clock: 11.715ns
   Maximum combinational path delay: No path found

Timing Detail:
--------------
All values displayed in nanoseconds (ns)

=========================================================================
Timing constraint: Default period analysis for Clock 'clk'
  Clock period: 7.268ns (frequency: 137.589MHz)
  Total number of paths / destination ports: 1144 / 89
-------------------------------------------------------------------------
Delay:               7.268ns (Levels of Logic = 8)
  Source:            sram_vga_controller/dp/cn/r_addr_4 (FF)
  Destination:       sram_vga_controller/dp/cn/r_addr_17 (FF)
  Source Clock:      clk rising
  Destination Clock: clk rising

  Data Path: sram_vga_controller/dp/cn/r_addr_4 to sram_vga_controller/dp/cn/r_addr_17
                                Gate     Net
    Cell:in->out      fanout   Delay   Delay  Logical Name (Net Name)
    ----------------------------------------  ------------
     FDE:C->Q              3   0.720   1.246  sram_vga_controller/dp/cn/r_addr_4 (sram_vga_controller/dp/cn/r_addr_4)
     LUT2:I0->O            1   0.551   0.000  sram_vga_controller/dp/cn/count_done_cmp_eq0000_wg_lut<0> (sram_vga_controller/dp/cn/count_done_cmp_eq0000_wg_lut<0>)
     MUXCY:S->O            1   0.500   0.000  sram_vga_controller/dp/cn/count_done_cmp_eq0000_wg_cy<0> (sram_vga_controller/dp/cn/count_done_cmp_eq0000_wg_cy<0>)
     MUXCY:CI->O           1   0.064   0.000  sram_vga_controller/dp/cn/count_done_cmp_eq0000_wg_cy<1> (sram_vga_controller/dp/cn/count_done_cmp_eq0000_wg_cy<1>)
     MUXCY:CI->O           1   0.064   0.000  sram_vga_controller/dp/cn/count_done_cmp_eq0000_wg_cy<2> (sram_vga_controller/dp/cn/count_done_cmp_eq0000_wg_cy<2>)
     MUXCY:CI->O           1   0.064   0.000  sram_vga_controller/dp/cn/count_done_cmp_eq0000_wg_cy<3> (sram_vga_controller/dp/cn/count_done_cmp_eq0000_wg_cy<3>)
     MUXCY:CI->O           3   0.281   0.933  sram_vga_controller/dp/cn/count_done_cmp_eq0000_wg_cy<4> (sram_vga_controller/dp/cn/count_done_cmp_eq0000)
     LUT4_D:I3->O         17   0.551   1.540  sram_vga_controller/dp/cn/r_addr_mux0000<0>11 (sram_vga_controller/dp/cn/N01)
     LUT2:I1->O            1   0.551   0.000  sram_vga_controller/dp/cn/r_addr_mux0000<17>1 (sram_vga_controller/dp/cn/r_addr_mux0000<17>)
     FDE:D                     0.203          sram_vga_controller/dp/cn/r_addr_0
    ----------------------------------------
    Total                      7.268ns (3.549ns logic, 3.719ns route)
                                       (48.8% logic, 51.2% route)

=========================================================================
Timing constraint: Default OFFSET IN BEFORE for Clock 'clk'
  Total number of paths / destination ports: 52 / 52
-------------------------------------------------------------------------
Offset:              2.754ns (Levels of Logic = 1)
  Source:            reset (PAD)
  Destination:       sram_vga_controller/c/f1/out (FF)
  Destination Clock: clk rising

  Data Path: reset to sram_vga_controller/c/f1/out
                                Gate     Net
    Cell:in->out      fanout   Delay   Delay  Logical Name (Net Name)
    ----------------------------------------  ------------
     IBUF:I->O             3   0.821   0.907  reset_IBUF (reset_IBUF)
     FDR:R                     1.026          sram_vga_controller/c/f3/out
    ----------------------------------------
    Total                      2.754ns (1.847ns logic, 0.907ns route)
                                       (67.1% logic, 32.9% route)

=========================================================================
Timing constraint: Default OFFSET OUT AFTER for Clock 'clk'
  Total number of paths / destination ports: 128 / 44
-------------------------------------------------------------------------
Offset:              11.715ns (Levels of Logic = 3)
  Source:            sram_vga_controller/c/f2/out (FF)
  Destination:       g<0> (PAD)
  Source Clock:      clk rising

  Data Path: sram_vga_controller/c/f2/out to g<0>
                                Gate     Net
    Cell:in->out      fanout   Delay   Delay  Logical Name (Net Name)
    ----------------------------------------  ------------
     FDR:C->Q             32   0.720   2.192  sram_vga_controller/c/f2/out (sram_vga_controller/c/f2/out)
     LUT3:I0->O            4   0.551   1.256  sram_vga_controller/c/sel_0_or00001 (sram_vga_controller/sel<0>)
     LUT4:I0->O            1   0.551   0.801  sram_vga_controller/dp/mux/mult[8].m/out1 (g_0_OBUF)
     OBUF:I->O                 5.644          g_0_OBUF (g<0>)
    ----------------------------------------
    Total                     11.715ns (7.466ns logic, 4.249ns route)
                                       (63.7% logic, 36.3% route)

=========================================================================


Total REAL time to Xst completion: 5.00 secs
Total CPU time to Xst completion: 4.34 secs
 
--> 

Total memory usage is 272136 kilobytes

Number of errors   :    0 (   0 filtered)
Number of warnings :    1 (   0 filtered)
Number of infos    :    0 (   0 filtered)

