Release 14.7 Map P.20131013 (nt64)
Xilinx Mapping Report File for Design 'yuv_to_rgb_datapath'

Design Information
------------------
Command Line   : map -intstyle ise -p xc3s4000-fg676-4 -cm area -detail -ir off
-pr off -c 100 -o yuv_to_rgb_datapath_map.ncd yuv_to_rgb_datapath.ngd
yuv_to_rgb_datapath.pcf 
Target Device  : xc3s4000
Target Package : fg676
Target Speed   : -4
Mapper Version : spartan3 -- $Revision: 1.55 $
Mapped Date    : Tue Nov 20 13:17:15 2018

Design Summary
--------------
Number of errors:      0
Number of warnings:    0
Logic Utilization:
  Number of Slice Flip Flops:           110 out of  55,296    1%
  Number of 4 input LUTs:               235 out of  55,296    1%
Logic Distribution:
  Number of occupied Slices:            185 out of  27,648    1%
    Number of Slices containing only related logic:     185 out of     185 100%
    Number of Slices containing unrelated logic:          0 out of     185   0%
      *See NOTES below for an explanation of the effects of unrelated logic.
  Total Number of 4 input LUTs:         286 out of  55,296    1%
    Number used as logic:               235
    Number used as a route-thru:         51

  The Slice Logic Distribution report is not meaningful if the design is
  over-mapped for a non-slice resource or if Placement fails.

  Number of bonded IOBs:                119 out of     489   24%
  Number of MULT18X18s:                   4 out of      96    4%
  Number of BUFGMUXs:                     1 out of       8   12%

Average Fanout of Non-Clock Nets:                2.12

Peak Memory Usage:  311 MB
Total REAL time to MAP completion:  2 secs 
Total CPU time to MAP completion:   1 secs 

NOTES:

   Related logic is defined as being logic that shares connectivity - e.g. two
   LUTs are "related" if they share common inputs.  When assembling slices,
   Map gives priority to combine logic that is related.  Doing so results in
   the best timing performance.

   Unrelated logic shares no connectivity.  Map will only begin packing
   unrelated logic into a slice once 99% of the slices are occupied through
   related logic packing.

   Note that once logic distribution reaches the 99% level through related
   logic packing, this does not mean the device is completely utilized.
   Unrelated logic packing will then begin, continuing until all usable LUTs
   and FFs are occupied.  Depending on your timing budget, increased levels of
   unrelated logic packing may adversely affect the overall timing performance
   of your design.

Table of Contents
-----------------
Section 1 - Errors
Section 2 - Warnings
Section 3 - Informational
Section 4 - Removed Logic Summary
Section 5 - Removed Logic
Section 6 - IOB Properties
Section 7 - RPMs
Section 8 - Guide Report
Section 9 - Area Group and Partition Summary
Section 10 - Timing Report
Section 11 - Configuration String Information
Section 12 - Control Set Information
Section 13 - Utilization by Hierarchy

Section 1 - Errors
------------------

Section 2 - Warnings
--------------------

Section 3 - Informational
-------------------------
INFO:Map:110 - output buffer 'rd_done_OBUF' driving design level port 'rd_done'
   is being pushed into module 'read_counter' to enable I/O register usage. The
   buffer has been renamed as 'read_counter/rd_done_OBUF'.
INFO:Map:110 - output buffer 'wr_done_OBUF' driving design level port 'wr_done'
   is being pushed into module 'write_counter' to enable I/O register usage. The
   buffer has been renamed as 'write_counter/wr_done_OBUF'.
INFO:MapLib:562 - No environment variables are currently set.
INFO:LIT:244 - All of the single ended outputs in this design are using slew
   rate limited output drivers. The delay on speed critical single ended outputs
   can be dramatically reduced by designating them as fast outputs.

Section 4 - Removed Logic Summary
---------------------------------
   6 block(s) optimized away
  35 Block(s) redundant

Section 5 - Removed Logic
-------------------------

Optimized Block(s):
TYPE 		BLOCK
GND 		XST_GND
VCC 		XST_VCC
GND 		read_counter/XST_GND
VCC 		read_counter/XST_VCC
GND 		write_counter/XST_GND
VCC 		write_counter/XST_VCC

Redundant Block(s):
TYPE 		BLOCK
LOCALBUF 		Msub_y_min_sub0000_xor<5>1_SW0/LUT2_L_BUF
LUT1 		read_counter/Madd_r_addr_addsub0000_cy<1>_rt
LUT1 		read_counter/Madd_r_addr_addsub0000_cy<2>_rt
LUT1 		read_counter/Madd_r_addr_addsub0000_cy<3>_rt
LUT1 		read_counter/Madd_r_addr_addsub0000_cy<4>_rt
LUT1 		read_counter/Madd_r_addr_addsub0000_cy<5>_rt
LUT1 		read_counter/Madd_r_addr_addsub0000_cy<6>_rt
LUT1 		read_counter/Madd_r_addr_addsub0000_cy<7>_rt
LUT1 		read_counter/Madd_r_addr_addsub0000_cy<8>_rt
LUT1 		read_counter/Madd_r_addr_addsub0000_cy<9>_rt
LUT1 		read_counter/Madd_r_addr_addsub0000_cy<10>_rt
LUT1 		read_counter/Madd_r_addr_addsub0000_cy<11>_rt
LUT1 		read_counter/Madd_r_addr_addsub0000_cy<12>_rt
LUT1 		read_counter/Madd_r_addr_addsub0000_cy<13>_rt
LUT1 		read_counter/Madd_r_addr_addsub0000_cy<14>_rt
LUT1 		read_counter/Madd_r_addr_addsub0000_cy<15>_rt
LUT1 		read_counter/Madd_r_addr_addsub0000_cy<16>_rt
LUT1 		read_counter/Madd_r_addr_addsub0000_xor<17>_rt
LUT1 		write_counter/Madd_r_addr_addsub0000_cy<1>_rt
LUT1 		write_counter/Madd_r_addr_addsub0000_cy<2>_rt
LUT1 		write_counter/Madd_r_addr_addsub0000_cy<3>_rt
LUT1 		write_counter/Madd_r_addr_addsub0000_cy<4>_rt
LUT1 		write_counter/Madd_r_addr_addsub0000_cy<5>_rt
LUT1 		write_counter/Madd_r_addr_addsub0000_cy<6>_rt
LUT1 		write_counter/Madd_r_addr_addsub0000_cy<7>_rt
LUT1 		write_counter/Madd_r_addr_addsub0000_cy<8>_rt
LUT1 		write_counter/Madd_r_addr_addsub0000_cy<9>_rt
LUT1 		write_counter/Madd_r_addr_addsub0000_cy<10>_rt
LUT1 		write_counter/Madd_r_addr_addsub0000_cy<11>_rt
LUT1 		write_counter/Madd_r_addr_addsub0000_cy<12>_rt
LUT1 		write_counter/Madd_r_addr_addsub0000_cy<13>_rt
LUT1 		write_counter/Madd_r_addr_addsub0000_cy<14>_rt
LUT1 		write_counter/Madd_r_addr_addsub0000_cy<15>_rt
LUT1 		write_counter/Madd_r_addr_addsub0000_cy<16>_rt
LUT1 		write_counter/Madd_r_addr_addsub0000_xor<17>_rt

Section 6 - IOB Properties
--------------------------

+---------------------------------------------------------------------------------------------------------------------------------------------------------+
| IOB Name                           | Type             | Direction | IO Standard          | Diff  | Drive    | Slew | Reg (s)      | Resistor | IOB      |
|                                    |                  |           |                      | Term  | Strength | Rate |              |          | Delay    |
+---------------------------------------------------------------------------------------------------------------------------------------------------------+
| clk                                | IOB              | INPUT     | LVCMOS25             |       |          |      |              |          |          |
| count_en_rd                        | IOB              | INPUT     | LVCMOS25             |       |          |      |              |          |          |
| count_en_wr                        | IOB              | INPUT     | LVCMOS25             |       |          |      |              |          |          |
| height<0>                          | IOB              | INPUT     | LVCMOS25             |       |          |      |              |          |          |
| height<1>                          | IOB              | INPUT     | LVCMOS25             |       |          |      |              |          |          |
| height<2>                          | IOB              | INPUT     | LVCMOS25             |       |          |      |              |          |          |
| height<3>                          | IOB              | INPUT     | LVCMOS25             |       |          |      |              |          |          |
| height<4>                          | IOB              | INPUT     | LVCMOS25             |       |          |      |              |          |          |
| height<5>                          | IOB              | INPUT     | LVCMOS25             |       |          |      |              |          |          |
| height<6>                          | IOB              | INPUT     | LVCMOS25             |       |          |      |              |          |          |
| height<7>                          | IOB              | INPUT     | LVCMOS25             |       |          |      |              |          |          |
| height<8>                          | IOB              | INPUT     | LVCMOS25             |       |          |      |              |          |          |
| height<9>                          | IOB              | INPUT     | LVCMOS25             |       |          |      |              |          |          |
| height<10>                         | IOB              | INPUT     | LVCMOS25             |       |          |      |              |          |          |
| height<11>                         | IOB              | INPUT     | LVCMOS25             |       |          |      |              |          |          |
| height<12>                         | IOB              | INPUT     | LVCMOS25             |       |          |      |              |          |          |
| height<13>                         | IOB              | INPUT     | LVCMOS25             |       |          |      |              |          |          |
| height<14>                         | IOB              | INPUT     | LVCMOS25             |       |          |      |              |          |          |
| height<15>                         | IOB              | INPUT     | LVCMOS25             |       |          |      |              |          |          |
| ldB                                | IOB              | INPUT     | LVCMOS25             |       |          |      |              |          |          |
| ldG                                | IOB              | INPUT     | LVCMOS25             |       |          |      |              |          |          |
| ldR                                | IOB              | INPUT     | LVCMOS25             |       |          |      |              |          |          |
| ldenU                              | IOB              | INPUT     | LVCMOS25             |       |          |      |              |          |          |
| ldenV                              | IOB              | INPUT     | LVCMOS25             |       |          |      |              |          |          |
| ldenY                              | IOB              | INPUT     | LVCMOS25             |       |          |      |              |          |          |
| r_addr<0>                          | IOB              | OUTPUT    | LVCMOS25             |       | 12       | SLOW |              |          |          |
| r_addr<1>                          | IOB              | OUTPUT    | LVCMOS25             |       | 12       | SLOW |              |          |          |
| r_addr<2>                          | IOB              | OUTPUT    | LVCMOS25             |       | 12       | SLOW |              |          |          |
| r_addr<3>                          | IOB              | OUTPUT    | LVCMOS25             |       | 12       | SLOW |              |          |          |
| r_addr<4>                          | IOB              | OUTPUT    | LVCMOS25             |       | 12       | SLOW |              |          |          |
| r_addr<5>                          | IOB              | OUTPUT    | LVCMOS25             |       | 12       | SLOW |              |          |          |
| r_addr<6>                          | IOB              | OUTPUT    | LVCMOS25             |       | 12       | SLOW |              |          |          |
| r_addr<7>                          | IOB              | OUTPUT    | LVCMOS25             |       | 12       | SLOW |              |          |          |
| r_addr<8>                          | IOB              | OUTPUT    | LVCMOS25             |       | 12       | SLOW |              |          |          |
| r_addr<9>                          | IOB              | OUTPUT    | LVCMOS25             |       | 12       | SLOW |              |          |          |
| r_addr<10>                         | IOB              | OUTPUT    | LVCMOS25             |       | 12       | SLOW |              |          |          |
| r_addr<11>                         | IOB              | OUTPUT    | LVCMOS25             |       | 12       | SLOW |              |          |          |
| r_addr<12>                         | IOB              | OUTPUT    | LVCMOS25             |       | 12       | SLOW |              |          |          |
| r_addr<13>                         | IOB              | OUTPUT    | LVCMOS25             |       | 12       | SLOW |              |          |          |
| r_addr<14>                         | IOB              | OUTPUT    | LVCMOS25             |       | 12       | SLOW |              |          |          |
| r_addr<15>                         | IOB              | OUTPUT    | LVCMOS25             |       | 12       | SLOW |              |          |          |
| r_addr<16>                         | IOB              | OUTPUT    | LVCMOS25             |       | 12       | SLOW |              |          |          |
| r_addr<17>                         | IOB              | OUTPUT    | LVCMOS25             |       | 12       | SLOW |              |          |          |
| r_data<0>                          | IOB              | INPUT     | LVCMOS25             |       |          |      |              |          |          |
| r_data<1>                          | IOB              | INPUT     | LVCMOS25             |       |          |      |              |          |          |
| r_data<2>                          | IOB              | INPUT     | LVCMOS25             |       |          |      |              |          |          |
| r_data<3>                          | IOB              | INPUT     | LVCMOS25             |       |          |      |              |          |          |
| r_data<4>                          | IOB              | INPUT     | LVCMOS25             |       |          |      |              |          |          |
| r_data<5>                          | IOB              | INPUT     | LVCMOS25             |       |          |      |              |          |          |
| r_data<6>                          | IOB              | INPUT     | LVCMOS25             |       |          |      |              |          |          |
| r_data<7>                          | IOB              | INPUT     | LVCMOS25             |       |          |      |              |          |          |
| r_data<8>                          | IOB              | INPUT     | LVCMOS25             |       |          |      |              |          |          |
| r_data<9>                          | IOB              | INPUT     | LVCMOS25             |       |          |      |              |          |          |
| r_data<10>                         | IOB              | INPUT     | LVCMOS25             |       |          |      |              |          |          |
| r_data<11>                         | IOB              | INPUT     | LVCMOS25             |       |          |      |              |          |          |
| r_data<12>                         | IOB              | INPUT     | LVCMOS25             |       |          |      |              |          |          |
| r_data<13>                         | IOB              | INPUT     | LVCMOS25             |       |          |      |              |          |          |
| r_data<14>                         | IOB              | INPUT     | LVCMOS25             |       |          |      |              |          |          |
| r_data<15>                         | IOB              | INPUT     | LVCMOS25             |       |          |      |              |          |          |
| rd_done                            | IOB              | OUTPUT    | LVCMOS25             |       | 12       | SLOW |              |          |          |
| rst                                | IOB              | INPUT     | LVCMOS25             |       |          |      |              |          |          |
| selAdd<0>                          | IOB              | INPUT     | LVCMOS25             |       |          |      |              |          |          |
| selAdd<1>                          | IOB              | INPUT     | LVCMOS25             |       |          |      |              |          |          |
| selNum<0>                          | IOB              | INPUT     | LVCMOS25             |       |          |      |              |          |          |
| selNum<1>                          | IOB              | INPUT     | LVCMOS25             |       |          |      |              |          |          |
| selPixel                           | IOB              | INPUT     | LVCMOS25             |       |          |      |              |          |          |
| selWdata<0>                        | IOB              | INPUT     | LVCMOS25             |       |          |      |              |          |          |
| selWdata<1>                        | IOB              | INPUT     | LVCMOS25             |       |          |      |              |          |          |
| w_addr<0>                          | IOB              | OUTPUT    | LVCMOS25             |       | 12       | SLOW |              |          |          |
| w_addr<1>                          | IOB              | OUTPUT    | LVCMOS25             |       | 12       | SLOW |              |          |          |
| w_addr<2>                          | IOB              | OUTPUT    | LVCMOS25             |       | 12       | SLOW |              |          |          |
| w_addr<3>                          | IOB              | OUTPUT    | LVCMOS25             |       | 12       | SLOW |              |          |          |
| w_addr<4>                          | IOB              | OUTPUT    | LVCMOS25             |       | 12       | SLOW |              |          |          |
| w_addr<5>                          | IOB              | OUTPUT    | LVCMOS25             |       | 12       | SLOW |              |          |          |
| w_addr<6>                          | IOB              | OUTPUT    | LVCMOS25             |       | 12       | SLOW |              |          |          |
| w_addr<7>                          | IOB              | OUTPUT    | LVCMOS25             |       | 12       | SLOW |              |          |          |
| w_addr<8>                          | IOB              | OUTPUT    | LVCMOS25             |       | 12       | SLOW |              |          |          |
| w_addr<9>                          | IOB              | OUTPUT    | LVCMOS25             |       | 12       | SLOW |              |          |          |
| w_addr<10>                         | IOB              | OUTPUT    | LVCMOS25             |       | 12       | SLOW |              |          |          |
| w_addr<11>                         | IOB              | OUTPUT    | LVCMOS25             |       | 12       | SLOW |              |          |          |
| w_addr<12>                         | IOB              | OUTPUT    | LVCMOS25             |       | 12       | SLOW |              |          |          |
| w_addr<13>                         | IOB              | OUTPUT    | LVCMOS25             |       | 12       | SLOW |              |          |          |
| w_addr<14>                         | IOB              | OUTPUT    | LVCMOS25             |       | 12       | SLOW |              |          |          |
| w_addr<15>                         | IOB              | OUTPUT    | LVCMOS25             |       | 12       | SLOW |              |          |          |
| w_addr<16>                         | IOB              | OUTPUT    | LVCMOS25             |       | 12       | SLOW |              |          |          |
| w_addr<17>                         | IOB              | OUTPUT    | LVCMOS25             |       | 12       | SLOW |              |          |          |
| wdata<0>                           | IOB              | OUTPUT    | LVCMOS25             |       | 12       | SLOW |              |          |          |
| wdata<1>                           | IOB              | OUTPUT    | LVCMOS25             |       | 12       | SLOW |              |          |          |
| wdata<2>                           | IOB              | OUTPUT    | LVCMOS25             |       | 12       | SLOW |              |          |          |
| wdata<3>                           | IOB              | OUTPUT    | LVCMOS25             |       | 12       | SLOW |              |          |          |
| wdata<4>                           | IOB              | OUTPUT    | LVCMOS25             |       | 12       | SLOW |              |          |          |
| wdata<5>                           | IOB              | OUTPUT    | LVCMOS25             |       | 12       | SLOW |              |          |          |
| wdata<6>                           | IOB              | OUTPUT    | LVCMOS25             |       | 12       | SLOW |              |          |          |
| wdata<7>                           | IOB              | OUTPUT    | LVCMOS25             |       | 12       | SLOW |              |          |          |
| wdata<8>                           | IOB              | OUTPUT    | LVCMOS25             |       | 12       | SLOW |              |          |          |
| wdata<9>                           | IOB              | OUTPUT    | LVCMOS25             |       | 12       | SLOW |              |          |          |
| wdata<10>                          | IOB              | OUTPUT    | LVCMOS25             |       | 12       | SLOW |              |          |          |
| wdata<11>                          | IOB              | OUTPUT    | LVCMOS25             |       | 12       | SLOW |              |          |          |
| wdata<12>                          | IOB              | OUTPUT    | LVCMOS25             |       | 12       | SLOW |              |          |          |
| wdata<13>                          | IOB              | OUTPUT    | LVCMOS25             |       | 12       | SLOW |              |          |          |
| wdata<14>                          | IOB              | OUTPUT    | LVCMOS25             |       | 12       | SLOW |              |          |          |
| wdata<15>                          | IOB              | OUTPUT    | LVCMOS25             |       | 12       | SLOW |              |          |          |
| width<0>                           | IOB              | INPUT     | LVCMOS25             |       |          |      |              |          |          |
| width<1>                           | IOB              | INPUT     | LVCMOS25             |       |          |      |              |          |          |
| width<2>                           | IOB              | INPUT     | LVCMOS25             |       |          |      |              |          |          |
| width<3>                           | IOB              | INPUT     | LVCMOS25             |       |          |      |              |          |          |
| width<4>                           | IOB              | INPUT     | LVCMOS25             |       |          |      |              |          |          |
| width<5>                           | IOB              | INPUT     | LVCMOS25             |       |          |      |              |          |          |
| width<6>                           | IOB              | INPUT     | LVCMOS25             |       |          |      |              |          |          |
| width<7>                           | IOB              | INPUT     | LVCMOS25             |       |          |      |              |          |          |
| width<8>                           | IOB              | INPUT     | LVCMOS25             |       |          |      |              |          |          |
| width<9>                           | IOB              | INPUT     | LVCMOS25             |       |          |      |              |          |          |
| width<10>                          | IOB              | INPUT     | LVCMOS25             |       |          |      |              |          |          |
| width<11>                          | IOB              | INPUT     | LVCMOS25             |       |          |      |              |          |          |
| width<12>                          | IOB              | INPUT     | LVCMOS25             |       |          |      |              |          |          |
| width<13>                          | IOB              | INPUT     | LVCMOS25             |       |          |      |              |          |          |
| width<14>                          | IOB              | INPUT     | LVCMOS25             |       |          |      |              |          |          |
| width<15>                          | IOB              | INPUT     | LVCMOS25             |       |          |      |              |          |          |
| wr_done                            | IOB              | OUTPUT    | LVCMOS25             |       | 12       | SLOW |              |          |          |
+---------------------------------------------------------------------------------------------------------------------------------------------------------+

Section 7 - RPMs
----------------

Section 8 - Guide Report
------------------------
Guide not run on this design.

Section 9 - Area Group and Partition Summary
--------------------------------------------

Partition Implementation Status
-------------------------------

  No Partitions were found in this design.

-------------------------------

Area Group Information
----------------------

  No area groups were found in this design.

----------------------

Section 10 - Timing Report
--------------------------
This design was not run using timing mode.

Section 11 - Configuration String Details
-----------------------------------------
BUFGMUX "clk_BUFGP/BUFG":
DISABLE_ATTR:LOW




Section 12 - Control Set Information
------------------------------------
No control set information for this architecture.

Section 13 - Utilization by Hierarchy
-------------------------------------
+-------------------------------------------------------------------------------------------------------------------------------------------------------------------------------------+
| Module               | Partition | Slices        | Slice Reg     | LUTs          | LUTRAM        | BRAM      | MULT18X18 | BUFG  | DCM   | Full Hierarchical Name                   |
+-------------------------------------------------------------------------------------------------------------------------------------------------------------------------------------+
| yuv_to_rgb_datapath/ |           | 99/185        | 0/110         | 194/286       | 0/0           | 0/0       | 4/4       | 1/1   | 0/0   | yuv_to_rgb_datapath                      |
| +b_reg               |           | 4/4           | 8/8           | 0/0           | 0/0           | 0/0       | 0/0       | 0/0   | 0/0   | yuv_to_rgb_datapath/b_reg                |
| +g_reg               |           | 4/4           | 8/8           | 0/0           | 0/0           | 0/0       | 0/0       | 0/0   | 0/0   | yuv_to_rgb_datapath/g_reg                |
| +r_reg               |           | 4/4           | 8/8           | 0/0           | 0/0           | 0/0       | 0/0       | 0/0   | 0/0   | yuv_to_rgb_datapath/r_reg                |
| +read_counter        |           | 25/25         | 19/19         | 46/46         | 0/0           | 0/0       | 0/0       | 0/0   | 0/0   | yuv_to_rgb_datapath/read_counter         |
| +u_reg               |           | 8/8           | 16/16         | 0/0           | 0/0           | 0/0       | 0/0       | 0/0   | 0/0   | yuv_to_rgb_datapath/u_reg                |
| +v_reg               |           | 8/8           | 16/16         | 0/0           | 0/0           | 0/0       | 0/0       | 0/0   | 0/0   | yuv_to_rgb_datapath/v_reg                |
| +write_counter       |           | 25/25         | 19/19         | 46/46         | 0/0           | 0/0       | 0/0       | 0/0   | 0/0   | yuv_to_rgb_datapath/write_counter        |
| +y_reg               |           | 8/8           | 16/16         | 0/0           | 0/0           | 0/0       | 0/0       | 0/0   | 0/0   | yuv_to_rgb_datapath/y_reg                |
| +yuv_to_rgb_datapath |           | 0/0           | 0/0           | 0/0           | 0/0           | 0/0       | 0/0       | 0/0   | 0/0   | yuv_to_rgb_datapath/yuv_to_rgb_datapath  |
+-------------------------------------------------------------------------------------------------------------------------------------------------------------------------------------+

* Slices can be packed with basic elements from multiple hierarchies.
  Therefore, a slice will be counted in every hierarchical module
  that each of its packed basic elements belong to.
** For each column, there are two numbers reported <A>/<B>.
   <A> is the number of elements that belong to that specific hierarchical module.
   <B> is the total number of elements from that hierarchical module and any lower level
   hierarchical modules below.
*** The LUTRAM column counts all LUTs used as memory including RAM, ROM, and shift registers.
