Release 14.7 Map P.20131013 (nt64)
Xilinx Mapping Report File for Design 'yuv_to_rgb_controller'

Design Information
------------------
Command Line   : map -intstyle ise -p xc3s4000-fg676-4 -cm area -detail -ir off
-pr off -c 100 -o yuv_to_rgb_controller_map.ncd yuv_to_rgb_controller.ngd
yuv_to_rgb_controller.pcf 
Target Device  : xc3s4000
Target Package : fg676
Target Speed   : -4
Mapper Version : spartan3 -- $Revision: 1.55 $
Mapped Date    : Tue Nov 20 13:19:20 2018

Design Summary
--------------
Number of errors:      0
Number of warnings:    0
Logic Utilization:
  Number of Slice Flip Flops:            13 out of  55,296    1%
  Number of 4 input LUTs:                 9 out of  55,296    1%
Logic Distribution:
  Number of occupied Slices:             10 out of  27,648    1%
    Number of Slices containing only related logic:      10 out of      10 100%
    Number of Slices containing unrelated logic:          0 out of      10   0%
      *See NOTES below for an explanation of the effects of unrelated logic.
  Total Number of 4 input LUTs:           9 out of  55,296    1%
  Number of bonded IOBs:                 21 out of     489    4%
  Number of BUFGMUXs:                     1 out of       8   12%

Average Fanout of Non-Clock Nets:                2.90

Peak Memory Usage:  306 MB
Total REAL time to MAP completion:  2 secs 
Total CPU time to MAP completion:   1 secs 

NOTES:

   Related logic is defined as being logic that shares connectivity - e.g. two
   LUTs are "related" if they share common inputs.  When assembling slices,
   Map gives priority to combine logic that is related.  Doing so results in
   the best timing performance.

   Unrelated logic shares no connectivity.  Map will only begin packing
   unrelated logic into a slice once 99% of the slices are occupied through
   related logic packing.

   Note that once logic distribution reaches the 99% level through related
   logic packing, this does not mean the device is completely utilized.
   Unrelated logic packing will then begin, continuing until all usable LUTs
   and FFs are occupied.  Depending on your timing budget, increased levels of
   unrelated logic packing may adversely affect the overall timing performance
   of your design.

Table of Contents
-----------------
Section 1 - Errors
Section 2 - Warnings
Section 3 - Informational
Section 4 - Removed Logic Summary
Section 5 - Removed Logic
Section 6 - IOB Properties
Section 7 - RPMs
Section 8 - Guide Report
Section 9 - Area Group and Partition Summary
Section 10 - Timing Report
Section 11 - Configuration String Information
Section 12 - Control Set Information
Section 13 - Utilization by Hierarchy

Section 1 - Errors
------------------

Section 2 - Warnings
--------------------

Section 3 - Informational
-------------------------
INFO:MapLib:562 - No environment variables are currently set.
INFO:LIT:244 - All of the single ended outputs in this design are using slew
   rate limited output drivers. The delay on speed critical single ended outputs
   can be dramatically reduced by designating them as fast outputs.

Section 4 - Removed Logic Summary
---------------------------------

Section 5 - Removed Logic
-------------------------

Section 6 - IOB Properties
--------------------------

+---------------------------------------------------------------------------------------------------------------------------------------------------------+
| IOB Name                           | Type             | Direction | IO Standard          | Diff  | Drive    | Slew | Reg (s)      | Resistor | IOB      |
|                                    |                  |           |                      | Term  | Strength | Rate |              |          | Delay    |
+---------------------------------------------------------------------------------------------------------------------------------------------------------+
| clk                                | IOB              | INPUT     | LVCMOS25             |       |          |      |              |          |          |
| count_en_rd                        | IOB              | OUTPUT    | LVCMOS25             |       | 12       | SLOW |              |          |          |
| count_en_wr                        | IOB              | OUTPUT    | LVCMOS25             |       | 12       | SLOW |              |          |          |
| done                               | IOB              | OUTPUT    | LVCMOS25             |       | 12       | SLOW |              |          |          |
| ldB                                | IOB              | OUTPUT    | LVCMOS25             |       | 12       | SLOW |              |          |          |
| ldG                                | IOB              | OUTPUT    | LVCMOS25             |       | 12       | SLOW |              |          |          |
| ldR                                | IOB              | OUTPUT    | LVCMOS25             |       | 12       | SLOW |              |          |          |
| ldenU                              | IOB              | OUTPUT    | LVCMOS25             |       | 12       | SLOW |              |          |          |
| ldenV                              | IOB              | OUTPUT    | LVCMOS25             |       | 12       | SLOW |              |          |          |
| ldenY                              | IOB              | OUTPUT    | LVCMOS25             |       | 12       | SLOW |              |          |          |
| rst                                | IOB              | INPUT     | LVCMOS25             |       |          |      |              |          |          |
| selAdd<0>                          | IOB              | OUTPUT    | LVCMOS25             |       | 12       | SLOW |              |          |          |
| selAdd<1>                          | IOB              | OUTPUT    | LVCMOS25             |       | 12       | SLOW |              |          |          |
| selNum<0>                          | IOB              | OUTPUT    | LVCMOS25             |       | 12       | SLOW |              |          |          |
| selNum<1>                          | IOB              | OUTPUT    | LVCMOS25             |       | 12       | SLOW |              |          |          |
| selPixel                           | IOB              | OUTPUT    | LVCMOS25             |       | 12       | SLOW |              |          |          |
| selWdata<0>                        | IOB              | OUTPUT    | LVCMOS25             |       | 12       | SLOW |              |          |          |
| selWdata<1>                        | IOB              | OUTPUT    | LVCMOS25             |       | 12       | SLOW |              |          |          |
| start                              | IOB              | INPUT     | LVCMOS25             |       |          |      |              |          |          |
| wr_done                            | IOB              | INPUT     | LVCMOS25             |       |          |      |              |          |          |
| wr_enable                          | IOB              | OUTPUT    | LVCMOS25             |       | 12       | SLOW |              |          |          |
+---------------------------------------------------------------------------------------------------------------------------------------------------------+

Section 7 - RPMs
----------------

Section 8 - Guide Report
------------------------
Guide not run on this design.

Section 9 - Area Group and Partition Summary
--------------------------------------------

Partition Implementation Status
-------------------------------

  No Partitions were found in this design.

-------------------------------

Area Group Information
----------------------

  No area groups were found in this design.

----------------------

Section 10 - Timing Report
--------------------------
This design was not run using timing mode.

Section 11 - Configuration String Details
-----------------------------------------
BUFGMUX "clk_BUFGP/BUFG":
DISABLE_ATTR:LOW




Section 12 - Control Set Information
------------------------------------
No control set information for this architecture.

Section 13 - Utilization by Hierarchy
-------------------------------------
+-------------------------------------------------------------------------------------------------------------------------------------------------------------------------------------------+
| Module                 | Partition | Slices        | Slice Reg     | LUTs          | LUTRAM        | BRAM      | MULT18X18 | BUFG  | DCM   | Full Hierarchical Name                       |
+-------------------------------------------------------------------------------------------------------------------------------------------------------------------------------------------+
| yuv_to_rgb_controller/ |           | 10/10         | 13/13         | 9/9           | 0/0           | 0/0       | 0/0       | 1/1   | 0/0   | yuv_to_rgb_controller                        |
| +yuv_to_rgb_controller |           | 0/0           | 0/0           | 0/0           | 0/0           | 0/0       | 0/0       | 0/0   | 0/0   | yuv_to_rgb_controller/yuv_to_rgb_controller  |
+-------------------------------------------------------------------------------------------------------------------------------------------------------------------------------------------+

* Slices can be packed with basic elements from multiple hierarchies.
  Therefore, a slice will be counted in every hierarchical module
  that each of its packed basic elements belong to.
** For each column, there are two numbers reported <A>/<B>.
   <A> is the number of elements that belong to that specific hierarchical module.
   <B> is the total number of elements from that hierarchical module and any lower level
   hierarchical modules below.
*** The LUTRAM column counts all LUTs used as memory including RAM, ROM, and shift registers.
